-- Downloading...
   dst='/home/roettger/projects/arrow/build/jemalloc_ep-prefix/src/jemalloc-5.3.0.tar.bz2'
   timeout='none'
   inactivity timeout='none'
-- Using src='https://github.com/jemalloc/jemalloc/releases/download/5.3.0/jemalloc-5.3.0.tar.bz2'
-- [download 0% complete]
-- [download 2% complete]
-- [download 4% complete]
-- [download 7% complete]
-- [download 11% complete]
-- [download 13% complete]
-- [download 16% complete]
-- [download 18% complete]
-- [download 20% complete]
-- [download 24% complete]
-- [download 29% complete]
-- [download 31% complete]
-- [download 33% complete]
-- [download 38% complete]
-- [download 40% complete]
-- [download 45% complete]
-- [download 49% complete]
-- [download 53% complete]
-- [download 56% complete]
-- [download 58% complete]
-- [download 60% complete]
-- [download 65% complete]
-- [download 67% complete]
-- [download 76% complete]
-- [download 78% complete]
-- [download 82% complete]
-- [download 85% complete]
-- [download 87% complete]
-- [download 91% complete]
-- [download 93% complete]
-- [download 98% complete]
-- [download 100% complete]
-- verifying file...
       file='/home/roettger/projects/arrow/build/jemalloc_ep-prefix/src/jemalloc-5.3.0.tar.bz2'
-- Downloading... done
-- extracting...
     src='/home/roettger/projects/arrow/build/jemalloc_ep-prefix/src/jemalloc-5.3.0.tar.bz2'
     dst='/home/roettger/projects/arrow/build/jemalloc_ep-prefix/src/jemalloc_ep'
-- extracting... [tar xfz]
-- extracting... [analysis]
-- extracting... [rename]
-- extracting... [clean up]
-- extracting... done
