-- Downloading...
   dst='/home/roettger/projects/arrow/build/src/13.0.0.tar.gz'
   timeout='none'
   inactivity timeout='none'
-- Using src='https://github.com/xtensor-stack/xsimd/archive/13.0.0.tar.gz'
-- [download 5% complete]
-- [download 16% complete]
-- [download 28% complete]
-- [download 34% complete]
-- [download 50% complete]
-- [download 64% complete]
-- [download 100% complete]
-- verifying file...
       file='/home/roettger/projects/arrow/build/src/13.0.0.tar.gz'
-- Downloading... done
-- extracting...
     src='/home/roettger/projects/arrow/build/src/13.0.0.tar.gz'
     dst='/home/roettger/projects/arrow/build/src/xsimd_ep'
-- extracting... [tar xfz]
-- extracting... [analysis]
-- extracting... [rename]
-- extracting... [clean up]
-- extracting... done
